<!DOCTYPE html PUBLIC "-//W3C//DTD XHTML 1.1//EN" "http://www.w3.org/TR/xhtml11/DTD/xhtml11.dtd">
<html xmlns="http://www.w3.org/1999/xhtml"><head><title>TestNG Report</title><style type="text/css">table {margin-bottom:10px;border-collapse:collapse;empty-cells:show}th,td {border:1px solid #009;padding:.25em .5em}th {vertical-align:bottom}td {vertical-align:top}table a {font-weight:bold}.stripe td {background-color: #E6EBF9}.num {text-align:right}.passedodd td {background-color: #3F3}.passedeven td {background-color: #0A0}.skippedodd td {background-color: #DDD}.skippedeven td {background-color: #CCC}.failedodd td,.attn {background-color: #F33}.failedeven td,.stripe .attn {background-color: #D00}.stacktrace {white-space:pre;font-family:monospace}.totop {font-size:85%;text-align:center;border-bottom:2px solid #000}</style></head><body><table><tr><th>Test</th><th># Passed</th><th># Skipped</th><th># Failed</th><th>Time (ms)</th><th>Included Groups</th><th>Excluded Groups</th></tr><tr><th colspan="7">com.studentform.studentform.StudentNGTest</th></tr><tr><td><a href="#t0">Command line test</a></td><td class="num">0</td><td class="num">0</td><td class="num attn">17</td><td class="num">52</td><td></td><td></td></tr></table><table><thead><tr><th>Class</th><th>Method</th><th>Start</th><th>Time (ms)</th></tr></thead><tbody><tr><th colspan="4">com.studentform.studentform.StudentNGTest</th></tr></tbody><tbody id="t0"><tr><th colspan="4">Command line test &#8212; failed</th></tr><tr class="failedeven"><td rowspan="17">com.studentform.studentform.StudentNGTest</td><td><a href="#m0">testGetData</a></td><td rowspan="1">1600684556048</td><td rowspan="1">4</td></tr><tr class="failedeven"><td><a href="#m1">testGetFaculty</a></td><td rowspan="1">1600684556059</td><td rowspan="1">1</td></tr><tr class="failedeven"><td><a href="#m2">testGetFacultyOptions</a></td><td rowspan="1">1600684556061</td><td rowspan="1">0</td></tr><tr class="failedeven"><td><a href="#m3">testGetFirstname</a></td><td rowspan="1">1600684556062</td><td rowspan="1">0</td></tr><tr class="failedeven"><td><a href="#m4">testGetLastname</a></td><td rowspan="1">1600684556064</td><td rowspan="1">0</td></tr><tr class="failedeven"><td><a href="#m5">testGetMiddlename</a></td><td rowspan="1">1600684556065</td><td rowspan="1">0</td></tr><tr class="failedeven"><td><a href="#m6">testGetProgram</a></td><td rowspan="1">1600684556066</td><td rowspan="1">0</td></tr><tr class="failedeven"><td><a href="#m7">testGetProgramOptions</a></td><td rowspan="1">1600684556068</td><td rowspan="1">0</td></tr><tr class="failedeven"><td><a href="#m8">testInit</a></td><td rowspan="1">1600684556069</td><td rowspan="1">0</td></tr><tr class="failedeven"><td><a href="#m9">testOnFacultyChange</a></td><td rowspan="1">1600684556070</td><td rowspan="1">0</td></tr><tr class="failedeven"><td><a href="#m10">testSetFaculty</a></td><td rowspan="1">1600684556070</td><td rowspan="1">1</td></tr><tr class="failedeven"><td><a href="#m11">testSetFacultyOptions</a></td><td rowspan="1">1600684556072</td><td rowspan="1">6</td></tr><tr class="failedeven"><td><a href="#m12">testSetFirstname</a></td><td rowspan="1">1600684556079</td><td rowspan="1">1</td></tr><tr class="failedeven"><td><a href="#m13">testSetLastname</a></td><td rowspan="1">1600684556081</td><td rowspan="1">0</td></tr><tr class="failedeven"><td><a href="#m14">testSetMiddlename</a></td><td rowspan="1">1600684556082</td><td rowspan="1">0</td></tr><tr class="failedeven"><td><a href="#m15">testSetProgram</a></td><td rowspan="1">1600684556084</td><td rowspan="1">0</td></tr><tr class="failedeven"><td><a href="#m16">testSetProgramOptions</a></td><td rowspan="1">1600684556086</td><td rowspan="1">0</td></tr></tbody></table><h2>Command line test</h2><h3 id="m0">com.studentform.studentform.StudentNGTest#testGetData</h3><table class="result"><tr><th>Exception</th></tr><tr><td><div class="stacktrace">java.lang.AssertionError: Maps not equal: expected: null and actual: {}
	at com.studentform.studentform.StudentNGTest.testGetData(StudentNGTest.java:246)
... Removed 35 stack frames</div></td></tr></table><p class="totop"><a href="#summary">back to summary</a></p><h3 id="m1">com.studentform.studentform.StudentNGTest#testGetFaculty</h3><table class="result"><tr><th>Exception</th></tr><tr><td><div class="stacktrace">java.lang.AssertionError: expected [] but found [null]
	at com.studentform.studentform.StudentNGTest.testGetFaculty(StudentNGTest.java:180)
... Removed 38 stack frames</div></td></tr></table><p class="totop"><a href="#summary">back to summary</a></p><h3 id="m2">com.studentform.studentform.StudentNGTest#testGetFacultyOptions</h3><table class="result"><tr><th>Exception</th></tr><tr><td><div class="stacktrace">java.lang.AssertionError: The test case is a prototype.
	at com.studentform.studentform.StudentNGTest.testGetFacultyOptions(StudentNGTest.java:47)
... Removed 34 stack frames</div></td></tr></table><p class="totop"><a href="#summary">back to summary</a></p><h3 id="m3">com.studentform.studentform.StudentNGTest#testGetFirstname</h3><table class="result"><tr><th>Exception</th></tr><tr><td><div class="stacktrace">java.lang.AssertionError: expected [] but found [null]
	at com.studentform.studentform.StudentNGTest.testGetFirstname(StudentNGTest.java:99)
... Removed 38 stack frames</div></td></tr></table><p class="totop"><a href="#summary">back to summary</a></p><h3 id="m4">com.studentform.studentform.StudentNGTest#testGetLastname</h3><table class="result"><tr><th>Exception</th></tr><tr><td><div class="stacktrace">java.lang.AssertionError: expected [] but found [null]
	at com.studentform.studentform.StudentNGTest.testGetLastname(StudentNGTest.java:153)
... Removed 38 stack frames</div></td></tr></table><p class="totop"><a href="#summary">back to summary</a></p><h3 id="m5">com.studentform.studentform.StudentNGTest#testGetMiddlename</h3><table class="result"><tr><th>Exception</th></tr><tr><td><div class="stacktrace">java.lang.AssertionError: expected [] but found [null]
	at com.studentform.studentform.StudentNGTest.testGetMiddlename(StudentNGTest.java:126)
... Removed 38 stack frames</div></td></tr></table><p class="totop"><a href="#summary">back to summary</a></p><h3 id="m6">com.studentform.studentform.StudentNGTest#testGetProgram</h3><table class="result"><tr><th>Exception</th></tr><tr><td><div class="stacktrace">java.lang.AssertionError: expected [] but found [null]
	at com.studentform.studentform.StudentNGTest.testGetProgram(StudentNGTest.java:207)
... Removed 38 stack frames</div></td></tr></table><p class="totop"><a href="#summary">back to summary</a></p><h3 id="m7">com.studentform.studentform.StudentNGTest#testGetProgramOptions</h3><table class="result"><tr><th>Exception</th></tr><tr><td><div class="stacktrace">java.lang.AssertionError: The test case is a prototype.
	at com.studentform.studentform.StudentNGTest.testGetProgramOptions(StudentNGTest.java:74)
... Removed 34 stack frames</div></td></tr></table><p class="totop"><a href="#summary">back to summary</a></p><h3 id="m8">com.studentform.studentform.StudentNGTest#testInit</h3><table class="result"><tr><th>Exception</th></tr><tr><td><div class="stacktrace">java.lang.AssertionError: The test case is a prototype.
	at com.studentform.studentform.StudentNGTest.testInit(StudentNGTest.java:234)
... Removed 34 stack frames</div></td></tr></table><p class="totop"><a href="#summary">back to summary</a></p><h3 id="m9">com.studentform.studentform.StudentNGTest#testOnFacultyChange</h3><table class="result"><tr><th>Exception</th></tr><tr><td><div class="stacktrace">java.lang.AssertionError: The test case is a prototype.
	at com.studentform.studentform.StudentNGTest.testOnFacultyChange(StudentNGTest.java:260)
... Removed 34 stack frames</div></td></tr></table><p class="totop"><a href="#summary">back to summary</a></p><h3 id="m10">com.studentform.studentform.StudentNGTest#testSetFaculty</h3><table class="result"><tr><th>Exception</th></tr><tr><td><div class="stacktrace">java.lang.AssertionError: The test case is a prototype.
	at com.studentform.studentform.StudentNGTest.testSetFaculty(StudentNGTest.java:195)
... Removed 34 stack frames</div></td></tr></table><p class="totop"><a href="#summary">back to summary</a></p><h3 id="m11">com.studentform.studentform.StudentNGTest#testSetFacultyOptions</h3><table class="result"><tr><th>Exception</th></tr><tr><td><div class="stacktrace">java.lang.AssertionError: The test case is a prototype.
	at com.studentform.studentform.StudentNGTest.testSetFacultyOptions(StudentNGTest.java:60)
... Removed 34 stack frames</div></td></tr></table><p class="totop"><a href="#summary">back to summary</a></p><h3 id="m12">com.studentform.studentform.StudentNGTest#testSetFirstname</h3><table class="result"><tr><th>Exception</th></tr><tr><td><div class="stacktrace">java.lang.AssertionError: The test case is a prototype.
	at com.studentform.studentform.StudentNGTest.testSetFirstname(StudentNGTest.java:114)
... Removed 34 stack frames</div></td></tr></table><p class="totop"><a href="#summary">back to summary</a></p><h3 id="m13">com.studentform.studentform.StudentNGTest#testSetLastname</h3><table class="result"><tr><th>Exception</th></tr><tr><td><div class="stacktrace">java.lang.AssertionError: The test case is a prototype.
	at com.studentform.studentform.StudentNGTest.testSetLastname(StudentNGTest.java:168)
... Removed 34 stack frames</div></td></tr></table><p class="totop"><a href="#summary">back to summary</a></p><h3 id="m14">com.studentform.studentform.StudentNGTest#testSetMiddlename</h3><table class="result"><tr><th>Exception</th></tr><tr><td><div class="stacktrace">java.lang.AssertionError: The test case is a prototype.
	at com.studentform.studentform.StudentNGTest.testSetMiddlename(StudentNGTest.java:141)
... Removed 34 stack frames</div></td></tr></table><p class="totop"><a href="#summary">back to summary</a></p><h3 id="m15">com.studentform.studentform.StudentNGTest#testSetProgram</h3><table class="result"><tr><th>Exception</th></tr><tr><td><div class="stacktrace">java.lang.AssertionError: The test case is a prototype.
	at com.studentform.studentform.StudentNGTest.testSetProgram(StudentNGTest.java:222)
... Removed 34 stack frames</div></td></tr></table><p class="totop"><a href="#summary">back to summary</a></p><h3 id="m16">com.studentform.studentform.StudentNGTest#testSetProgramOptions</h3><table class="result"><tr><th>Exception</th></tr><tr><td><div class="stacktrace">java.lang.AssertionError: The test case is a prototype.
	at com.studentform.studentform.StudentNGTest.testSetProgramOptions(StudentNGTest.java:87)
... Removed 34 stack frames</div></td></tr></table><p class="totop"><a href="#summary">back to summary</a></p></body></html>